<?xml version="1.0" encoding="UTF-8"?>
<!-- Generated by org.testng.reporters.JUnitReportReporter -->
<testsuite skipped="0" hostname="ip-172-31-72-37" name="test.ProductSelectionTest" tests="1" failures="0" timestamp="2021-06-27T06:17:27 UTC" time="3.171" errors="0">
  <testcase name="testcase1" time="3.171" classname="test.ProductSelectionTest"/>
  <system-out/>
</testsuite> <!-- test.ProductSelectionTest -->
